2019-01-22 11:49:16  [ main:0 ] - [ INFO ]  测试
2019-01-22 11:51:01  [ pool-2-thread-1:0 ] - [ INFO ]  执行早上播放成功 2019-01-22 11:51:00
2019-01-22 11:52:01  [ pool-2-thread-1:60872 ] - [ INFO ]  结束早上播放成功 2019-01-22 11:52:01
2019-01-22 11:54:00  [ pool-2-thread-1:179872 ] - [ INFO ]  执行中文播放成功 2019-01-22 11:54:00
2019-01-22 11:55:00  [ pool-2-thread-1:239876 ] - [ INFO ]  执行晚上播放成功 2019-01-22 11:55:00
2019-01-22 11:56:00  [ pool-2-thread-1:299876 ] - [ INFO ]  结束中文播放成功 2019-01-22 11:56:00
2019-01-22 12:32:00  [ pool-2-thread-1:0 ] - [ INFO ]  执行早上播放成功 2019-01-22 12:32:00
2019-01-22 12:33:00  [ pool-2-thread-1:59894 ] - [ INFO ]  结束早上播放成功 2019-01-22 12:33:00
2019-01-22 12:35:00  [ pool-2-thread-1:179897 ] - [ INFO ]  执行中午播放成功 2019-01-22 12:35:00
2019-01-22 12:36:00  [ pool-2-thread-1:239898 ] - [ INFO ]  执行晚上播放成功 2019-01-22 12:36:00
2019-01-22 12:37:00  [ pool-2-thread-1:299899 ] - [ INFO ]  结束中午播放成功 2019-01-22 12:37:00
2019-01-22 14:15:00  [ pool-2-thread-1:0 ] - [ INFO ]  执行早上播放成功 2019-01-22 14:15:00
2019-01-22 14:16:00  [ pool-2-thread-1:59891 ] - [ INFO ]  结束早上播放成功 2019-01-22 14:16:00
2019-01-22 14:17:00  [ pool-2-thread-1:119891 ] - [ INFO ]  执行中午播放成功 2019-01-22 14:17:00
2019-01-22 14:18:00  [ pool-2-thread-1:179893 ] - [ INFO ]  结束中午播放成功 2019-01-22 14:18:00
2019-01-22 14:19:00  [ pool-2-thread-1:239896 ] - [ INFO ]  执行晚上播放成功 2019-01-22 14:19:00
2019-01-22 14:20:00  [ pool-2-thread-1:299896 ] - [ INFO ]  结束晚上播放成功 2019-01-22 14:20:00
2019-01-23 00:07:46  [ main:0 ] - [ INFO ]  测试
2019-01-23 00:10:05  [ main:0 ] - [ INFO ]  测试
2019-01-23 23:16:55  [ main:0 ] - [ INFO ]  11
2019-02-20 11:20:12  [ main:0 ] - [ INFO ]  11
2019-02-20 11:24:28  [ main:0 ] - [ INFO ]  11
2019-02-20 11:26:05  [ main:0 ] - [ INFO ]  11
2019-02-20 11:27:33  [ main:0 ] - [ INFO ]  11
2019-02-20 11:28:40  [ main:0 ] - [ INFO ]  11
2019-02-20 11:29:23  [ main:0 ] - [ INFO ]  11
2019-02-20 11:30:54  [ main:0 ] - [ INFO ]  11
2019-02-20 11:32:09  [ main:0 ] - [ INFO ]  11
2019-02-20 11:33:32  [ main:0 ] - [ INFO ]  11
2019-02-20 11:37:15  [ main:0 ] - [ INFO ]  11
2019-02-20 11:37:52  [ main:0 ] - [ INFO ]  11
2019-02-20 11:57:38  [ main:0 ] - [ INFO ]  程序启动
2019-02-27 10:20:07  [ main:0 ] - [ INFO ]  程序启动
2019-02-27 16:20:58  [ main:0 ] - [ INFO ]  程序启动
2019-02-28 14:24:38  [ main:0 ] - [ INFO ]  程序启动
2019-02-28 14:25:38  [ main:0 ] - [ INFO ]  程序启动
2019-02-28 14:26:40  [ main:0 ] - [ INFO ]  程序启动
2019-02-28 14:41:38  [ main:0 ] - [ INFO ]  程序启动
2019-02-28 14:48:13  [ main:0 ] - [ INFO ]  程序启动
2019-02-28 14:48:13  [ main:0 ] - [ INFO ]  程序启动
2019-02-28 14:48:19  [ main:0 ] - [ INFO ]  程序启动
2019-02-28 15:19:56  [ main:0 ] - [ INFO ]  程序启动
2019-02-28 17:00:19  [ main:0 ] - [ INFO ]  程序启动
2019-02-28 17:07:25  [ main:0 ] - [ INFO ]  程序启动
2019-02-28 17:10:24  [ main:0 ] - [ INFO ]  程序启动
2019-02-28 17:11:37  [ main:0 ] - [ INFO ]  程序启动
2019-02-28 17:12:27  [ main:0 ] - [ INFO ]  程序启动
2019-02-28 17:22:00  [ main:0 ] - [ INFO ]  程序启动
2019-02-28 17:23:00  [ pool-2-thread-1:60179 ] - [ INFO ]  执行早上播放成功 2019-02-28 17:23:00
2019-02-28 17:25:10  [ main:0 ] - [ INFO ]  程序启动
2019-02-28 17:26:00  [ pool-2-thread-1:50362 ] - [ INFO ]  执行早上播放成功 2019-02-28 17:26:00
2019-02-28 17:29:19  [ main:0 ] - [ INFO ]  程序启动
2019-02-28 17:30:00  [ pool-2-thread-1:41063 ] - [ INFO ]  执行早上播放成功 2019-02-28 17:30:00
2019-02-28 17:31:00  [ pool-2-thread-1:101033 ] - [ INFO ]  结束早上播放成功 2019-02-28 17:31:00
2019-02-28 17:37:03  [ main:0 ] - [ INFO ]  程序启动
2019-02-28 17:41:43  [ main:0 ] - [ INFO ]  程序启动
2019-02-28 17:43:51  [ main:0 ] - [ INFO ]  程序启动
2019-02-28 17:56:00  [ pool-2-thread-1:0 ] - [ INFO ]  执行早上播放成功 2019-02-28 17:56:00
2019-02-28 17:57:00  [ pool-2-thread-1:59947 ] - [ INFO ]  结束早上播放成功 2019-02-28 17:57:00
2019-02-28 17:59:01  [ pool-2-thread-1:0 ] - [ INFO ]  执行早上播放成功 2019-02-28 17:59:00
2019-02-28 18:00:01  [ pool-2-thread-1:59948 ] - [ INFO ]  结束早上播放成功 2019-02-28 18:00:00
2019-02-28 18:01:01  [ pool-2-thread-1:119952 ] - [ INFO ]  执行中文播放成功 2019-02-28 18:01:00
2019-02-28 18:02:01  [ pool-2-thread-1:179960 ] - [ INFO ]  结束中文播放成功 18:02:00
2019-02-28 18:03:01  [ pool-2-thread-1:240025 ] - [ INFO ]  执行晚上播放成功 2019-02-28 18:03:00
2019-02-28 18:08:00  [ pool-3-thread-1:1 ] - [ INFO ]  执行晚上播放成功 2019-02-28 18:08:00
2019-02-28 18:08:01  [ pool-2-thread-1:815 ] - [ INFO ]  执行晚上播放成功 2019-02-28 18:08:00
2019-02-28 18:09:00  [ pool-3-thread-1:59866 ] - [ INFO ]  结束晚上播放成功 2019-02-28 18:09:00
2019-02-28 21:24:14  [ main:0 ] - [ INFO ]  程序启动
2019-02-28 21:27:51  [ main:0 ] - [ INFO ]  程序启动
2019-02-28 21:30:57  [ main:0 ] - [ INFO ]  程序启动
2019-02-28 21:35:43  [ main:0 ] - [ INFO ]  程序启动
2019-02-28 21:37:12  [ main:0 ] - [ INFO ]  程序启动
2019-02-28 21:39:36  [ main:0 ] - [ INFO ]  程序启动
2019-02-28 21:47:24  [ main:0 ] - [ INFO ]  程序启动
2019-02-28 21:49:07  [ main:0 ] - [ INFO ]  程序启动
2019-02-28 21:50:39  [ main:0 ] - [ INFO ]  程序启动
2019-02-28 21:53:46  [ main:1 ] - [ INFO ]  程序启动
2019-02-28 21:54:45  [ main:0 ] - [ INFO ]  程序启动
2019-02-28 21:57:00  [ pool-2-thread-1:135770 ] - [ INFO ]  执行中文播放成功 2019-02-28 21:57:00
2019-02-28 21:58:01  [ pool-2-thread-1:195998 ] - [ INFO ]  结束中文播放成功 21:58:00
2019-02-28 21:59:00  [ pool-2-thread-1:255766 ] - [ INFO ]  执行晚上播放成功 2019-02-28 21:59:00
2019-02-28 22:00:01  [ pool-2-thread-1:316119 ] - [ INFO ]  结束晚上播放成功 2019-02-28 22:00:00
2019-02-28 22:01:00  [ pool-2-thread-1:375884 ] - [ INFO ]  执行早上播放成功 2019-02-28 22:01:00
2019-02-28 22:02:01  [ pool-2-thread-1:436437 ] - [ INFO ]  结束早上播放成功 2019-02-28 22:02:00
2019-02-28 22:03:52  [ main:0 ] - [ INFO ]  程序启动
2019-02-28 22:04:39  [ main:0 ] - [ INFO ]  程序启动
2019-02-28 22:05:31  [ main:0 ] - [ INFO ]  程序启动
2019-02-28 22:06:06  [ main:0 ] - [ INFO ]  程序启动
2019-02-28 22:07:00  [ main:1 ] - [ INFO ]  程序启动
2019-02-28 22:09:18  [ main:0 ] - [ INFO ]  程序启动
2019-02-28 22:09:55  [ main:0 ] - [ INFO ]  程序启动
